TI ARM Assembler PC v5.2.2 Sat Apr 11 16:33:46 2015

Tools Copyright (c) 1996-2015 Texas Instruments Incorporated
../fib.asm                                                           PAGE    1

       1                    ; an example assembly file to be assembled
       2 00000000             .text
       3                      .global main
       4 00000000           main:
       5 00000000 B5F0        PUSH {lr, r4 - r7}  ; [ORIG 16-BIT INS]
       6 00000002 F04F0400    MOV r4, #0  ; for the n - 1 term of fib sequence ; [KEEP 32-BIT INS]
       7 00000006 F04F0501    MOV r5, #1  ; for n term of fib ; [KEEP 32-BIT INS]
       8 0000000a F04F0601    MOV r6, #1  ; for n + 1 term of fib ; [KEEP 32-BIT INS]
       9 0000000e F04F0714    MOV r7, #20 ; loop iterator, # of terms to count to ; [KEEP 32-BIT INS]
      10 00000012           fib:
      11 00000012 EB050604    ADD r6, r5, r4 ; adds r5(n term) and r4(n - 1 term) together and puts result in r6(n + 1 term) ; [KE
      12 00000016 462C        MOV r4, r5 ; updates the n -1 term ; [ORIG 16-BIT INS]
      13 00000018 4635        MOV r5, r6 ; updates n term ; [ORIG 16-BIT INS]
      14 0000001a 1E7F        SUBS r7, #1 ; subtract 1 from the loop iterator and update the status flags ; [ORIG 16-BIT INS]
      15 0000001c D1F9        BNE fib ; if it isn't zero, then branch back to start of fib loop ; [ORIG 16-BIT INS]
      16 0000001e BDF0        POP {pc, r4 - r7} ; [ORIG 16-BIT INS]
      17                      .end ; end of program, last calculated term of fib sequence will be in r5.

--------------------------
Thumb2 Statistics
--------------------------
Number of Thumb2 ins converted to Thumb = 0 (0%)
Number of Thumb ins in input = 6 (54%)
Number of Thumb2 ins encoded as Thumb2 = 5 (100%)
Number of Thumb2 ins converted to 2 OPND Thumb = 0


No Assembly Errors, No Assembly Warnings
